# JRE version: Java(TM) SE Runtime Environment (9.0+11) (build 9.0.4+11)
# Java VM: Java HotSpot(TM) 64-Bit Server VM (9.0.4+11, mixed mode, tiered, compressed oops, g1 gc, windows-amd64)
Heap:
 garbage-first heap   total 227328K, used 107617K [0x0000000700000000, 0x00000007001006f0, 0x00000007c0000000)
  region size 1024K, 37 young (37888K), 1 survivors (1024K)
 Metaspace       used 79484K, capacity 85410K, committed 85680K, reserved 1122304K
  class space    used 11069K, capacity 12087K, committed 12208K, reserved 1048576K
GC Heap History (10 events):
Event: 93.565 GC heap before
{Heap before GC invocations=57 (full 4):
 garbage-first heap   total 227328K, used 132240K [0x0000000700000000, 0x00000007001006f0, 0x00000007c0000000)
  region size 1024K, 60 young (61440K), 0 survivors (0K)
 Metaspace       used 78616K, capacity 84446K, committed 84784K, reserved 1122304K
  class space    used 10960K, capacity 11979K, committed 12080K, reserved 1048576K
}
Event: 93.569 GC heap after
{Heap after GC invocations=58 (full 4):
 garbage-first heap   total 227328K, used 71514K [0x0000000700000000, 0x00000007001006f0, 0x00000007c0000000)
  region size 1024K, 1 young (1024K), 1 survivors (1024K)
 Metaspace       used 78616K, capacity 84446K, committed 84784K, reserved 1122304K
  class space    used 10960K, capacity 11979K, committed 12080K, reserved 1048576K
}
Event: 95.224 GC heap before
{Heap before GC invocations=58 (full 4):
 garbage-first heap   total 227328K, used 131930K [0x0000000700000000, 0x00000007001006f0, 0x00000007c0000000)
  region size 1024K, 60 young (61440K), 1 survivors (1024K)
 Metaspace       used 78971K, capacity 84752K, committed 85040K, reserved 1122304K
  class space    used 10998K, capacity 12016K, committed 12080K, reserved 1048576K
}
Event: 95.227 GC heap after
{Heap after GC invocations=59 (full 4):
 garbage-first heap   total 227328K, used 71924K [0x0000000700000000, 0x00000007001006f0, 0x00000007c0000000)
  region size 1024K, 2 young (2048K), 2 survivors (2048K)
 Metaspace       used 78971K, capacity 84752K, committed 85040K, reserved 1122304K
  class space    used 10998K, capacity 12016K, committed 12080K, reserved 1048576K
}
Event: 97.253 GC heap before
{Heap before GC invocations=59 (full 4):
 garbage-first heap   total 227328K, used 131316K [0x0000000700000000, 0x00000007001006f0, 0x00000007c0000000)
  region size 1024K, 60 young (61440K), 2 survivors (2048K)
 Metaspace       used 79067K, capacity 84976K, committed 85040K, reserved 1122304K
  class space    used 11017K, capacity 12052K, committed 12080K, reserved 1048576K
}
Event: 97.257 GC heap after
{Heap after GC invocations=60 (full 4):
 garbage-first heap   total 227328K, used 71772K [0x0000000700000000, 0x00000007001006f0, 0x00000007c0000000)
  region size 1024K, 1 young (1024K), 1 survivors (1024K)
 Metaspace       used 79067K, capacity 84976K, committed 85040K, reserved 1122304K
  class space    used 11017K, capacity 12052K, committed 12080K, reserved 1048576K
}
Event: 97.570 GC heap before
{Heap before GC invocations=60 (full 4):
 garbage-first heap   total 227328K, used 132188K [0x0000000700000000, 0x00000007001006f0, 0x00000007c0000000)
  region size 1024K, 60 young (61440K), 1 survivors (1024K)
 Metaspace       used 79077K, capacity 84976K, committed 85040K, reserved 1122304K
  class space    used 11017K, capacity 12052K, committed 12080K, reserved 1048576K
}
Event: 97.574 GC heap after
{Heap after GC invocations=61 (full 4):
 garbage-first heap   total 227328K, used 71821K [0x0000000700000000, 0x00000007001006f0, 0x00000007c0000000)
  region size 1024K, 1 young (1024K), 1 survivors (1024K)
 Metaspace       used 79077K, capacity 84976K, committed 85040K, reserved 1122304K
  class space    used 11017K, capacity 12052K, committed 12080K, reserved 1048576K
}
Event: 98.934 GC heap before
{Heap before GC invocations=61 (full 4):
 garbage-first heap   total 227328K, used 132237K [0x0000000700000000, 0x00000007001006f0, 0x00000007c0000000)
  region size 1024K, 60 young (61440K), 1 survivors (1024K)
 Metaspace       used 79088K, capacity 84976K, committed 85040K, reserved 1122304K
  class space    used 11017K, capacity 12052K, committed 12080K, reserved 1048576K
}
Event: 98.938 GC heap after
{Heap after GC invocations=62 (full 4):
 garbage-first heap   total 227328K, used 71777K [0x0000000700000000, 0x00000007001006f0, 0x00000007c0000000)
  region size 1024K, 1 young (1024K), 1 survivors (1024K)
 Metaspace       used 79088K, capacity 84976K, committed 85040K, reserved 1122304K
  class space    used 11017K, capacity 12052K, committed 12080K, reserved 1048576K
}

